生成日期：20250610213458(当前工程Id:0112, 用户：pyf)
针对表:01120905(ge_DifficultyLevel)
针对表:01120870(gs_KnowledgesLogicRela)
针对表:01120871(gs_RelaType)
针对表:01120872(gs_KnowledgesLogic)
针对表:01120896(ge_StructureSection)
针对表:01120901(ge_StructureSectionType)
针对表:01120914(ge_ControlAttribute)
针对表:01120959(cc_KnowledgeModules)
针对表:01120985(ge_UserScore)
针对表:01120989(ge_UserScoreCurrWeek)
针对表:01120890(KnowledgeType)
针对表:01120891(KnowledgeMasterLevel)
针对表:01120552(XzMajorDirection)
针对表:01120093(TeacherInfo)
针对表:01120873(gs_KnowledgesGraph)
针对表:01120895(ge_StructureGraph)
针对表:01120976(vTeacherInfo_Sim)
针对表:01120973(cc_KnowledgeStuTeachLog)
共计生成文件数:0(共计表:18).
