生成日期：20250602103345(当前工程Id:0112, 用户：pyf)
针对表:01120967(AssessmentMethods)
针对表:01120688(CacheMode)
针对表:01120689(CacheUseState)
针对表:01120056(cc_Course)
针对表:01120060(cc_CourseChapter)
针对表:01120071(cc_CourseExamPaper)
针对表:01120202(cc_CourseIsLike)
针对表:01120082(cc_CourseKnowledges)
针对表:01120333(cc_CourseSchoolRelation)
针对表:01120150(cc_CourseStudentRelation)
针对表:01120097(cc_CourseTeacherRelation)
针对表:01120057(cc_CourseType)
针对表:01120959(cc_KnowledgeModules)
针对表:01120140(cc_KnowledgesExamLibRela)
针对表:01120973(cc_KnowledgeStuTeachLog)
针对表:01120123(CurrEduCls)
针对表:01120125(CurrEduClsStu)
针对表:01120124(CurrEduClsTeacher)
针对表:01120988(EduClsCalendar)
针对表:01120914(ge_ControlAttribute)
针对表:01120895(ge_StructureGraph)
针对表:01120896(ge_StructureSection)
针对表:01120901(ge_StructureSectionType)
针对表:01120985(ge_UserScore)
针对表:01120989(ge_UserScoreCurrWeek)
针对表:01120873(gs_KnowledgesGraph)
针对表:01120872(gs_KnowledgesLogic)
针对表:01120870(gs_KnowledgesLogicRela)
针对表:01120871(gs_RelaType)
针对表:01120684(gs_TeachingDate)
针对表:01120155(KnowledgeLearnTotal)
针对表:01120891(KnowledgeMasterLevel)
针对表:01120890(KnowledgeType)
针对表:01120995(KPSource)
针对表:01120154(LearnMode)
针对表:01120284(MessagePushUsersRelation)
针对表:01120320(Resource)
针对表:01120111(RsAdminGrade)
针对表:01120105(RsEthnic)
针对表:01120110(RsPolitics)
针对表:01120104(RsProfGrade)
针对表:01120101(RsStaffType)
针对表:01120987(SchoolCalendar)
针对表:01120030(SchoolType)
针对表:01120103(Sex)
针对表:01120131(StudentInfo)
针对表:01120093(TeacherInfo)
针对表:01120966(TeachingMethods)
针对表:01120207(tz_ContentAttachment)
针对表:01120980(UserExamBatchRela)
针对表:01120309(UserType)
针对表:01120950(vcc_Course_Sim)
针对表:01120951(vCurrEduCls_Sim)
针对表:01120993(vCurrEduClsStu_Sim)
针对表:01120935(vgs_KnowledgesLogic_Sim)
针对表:01120687(vgs_TeachingDate)
针对表:01120943(vQxUsersSim)
针对表:01120945(vStudentInfo_Sim)
针对表:01120027(vUsers)
针对表:01120194(XzAdminCls)
针对表:01120195(XzAdminClsType)
针对表:01120064(XzClg)
针对表:01120067(XzDegreeType)
针对表:01120349(XzGrade)
针对表:01120129(XzGradeBase)
针对表:01120065(XzMajor)
针对表:01120552(XzMajorDirection)
针对表:01120068(XzMajorType)
针对表:01120029(XzSchool)
针对表:01120095(XzUniZone)
共计生成文件数:0(共计表:70).
