生成日期：20250610222259(当前工程Id:0112, 用户：pyf)
针对界面:01120072(cc_CourseCRUD,课程CRUD)
界面:01120072(cc_CourseCRUD,课程CRUD)有输入、输出相关表如下(表数:2):
1、表:01120056(cc_Course)
1、表:01120058(vcc_Course)
针对界面:01120075(CurrEduClsStuCRUD,教学班与学生关系表CRUD)
界面:01120075(CurrEduClsStuCRUD,教学班与学生关系表CRUD)有输入、输出相关表如下(表数:1):
1、表:01120125(CurrEduClsStu)
针对界面:01120090(XzMajorDirectionCRUD,专业方向CRUD)
界面:01120090(XzMajorDirectionCRUD,专业方向CRUD)有输入、输出相关表如下(表数:1):
1、表:01120552(XzMajorDirection)
针对界面:01120117(XzMajorCRUD,专业CRUD)
界面:01120117(XzMajorCRUD,专业CRUD)有输入、输出相关表如下(表数:2):
1、表:01120065(XzMajor)
1、表:01120066(vXzMajor)
针对界面:01120118(CurrEduClsCRUD,当前教学班CRUD)
界面:01120118(CurrEduClsCRUD,当前教学班CRUD)有输入、输出相关表如下(表数:1):
1、表:01120123(CurrEduCls)
针对界面:01120119(CurrEduClsTeacherCRUD,当前教学班教师CRUD)
界面:01120119(CurrEduClsTeacherCRUD,当前教学班教师CRUD)有输入、输出相关表如下(表数:2):
1、表:01120124(CurrEduClsTeacher)
1、表:01120128(vCurrEduClsTeacher)
针对界面:01120122(TeacherInfoCRUD,教师CRUD)
界面:01120122(TeacherInfoCRUD,教师CRUD)有输入、输出相关表如下(表数:1):
1、表:01120093(TeacherInfo)
针对界面:01120139(gs_TeachingDateCRUD,教学班日期范围CRUD)
界面:01120139(gs_TeachingDateCRUD,教学班日期范围CRUD)有输入、输出相关表如下(表数:2):
1、表:01120684(gs_TeachingDate)
1、表:01120687(vgs_TeachingDate)
针对界面:01120143(gs_ReflectLogCRUD,反思日志CRUD)
界面:01120143(gs_ReflectLogCRUD,反思日志CRUD)有输入、输出相关表如下(表数:1):
1、表:01120702(gs_ReflectLog)
针对界面:01120157(StudentInfoCRUD,学生CRUD)
界面:01120157(StudentInfoCRUD,学生CRUD)有输入、输出相关表如下(表数:1):
1、表:01120131(StudentInfo)
针对界面:01120180(cc_CourseKnowledgesCRUD,课程知识点CRUD)
界面:01120180(cc_CourseKnowledgesCRUD,课程知识点CRUD)有输入、输出相关表如下(表数:1):
1、表:01120082(cc_CourseKnowledges)
针对界面:01120181(gs_KnowledgesGraphCRUD,知识点逻辑图CRUD)
界面:01120181(gs_KnowledgesGraphCRUD,知识点逻辑图CRUD)有输入、输出相关表如下(表数:1):
1、表:01120873(gs_KnowledgesGraph)
针对界面:01120182(gs_KnowledgesLogicCRUD,知识点逻辑CRUD)
界面:01120182(gs_KnowledgesLogicCRUD,知识点逻辑CRUD)有输入、输出相关表如下(表数:1):
1、表:01120872(gs_KnowledgesLogic)
针对界面:01120183(gs_KnowledgesLogicRelaCRUD,知识点逻辑关系表CRUD)
界面:01120183(gs_KnowledgesLogicRelaCRUD,知识点逻辑关系表CRUD)有输入、输出相关表如下(表数:1):
1、表:01120870(gs_KnowledgesLogicRela)
针对界面:01120184(gs_RelaTypeCRUD,知识点关系类型表CRUD)
界面:01120184(gs_RelaTypeCRUD,知识点关系类型表CRUD)有输入、输出相关表如下(表数:1):
1、表:01120871(gs_RelaType)
针对界面:01120187(LearnModeCRUD,学习模式CRUD)
界面:01120187(LearnModeCRUD,学习模式CRUD)有输入、输出相关表如下(表数:1):
1、表:01120154(LearnMode)
针对界面:01120192(KnowledgeLearnTotalCRUD,知识点学习汇总表CRUD)
界面:01120192(KnowledgeLearnTotalCRUD,知识点学习汇总表CRUD)有输入、输出相关表如下(表数:1):
1、表:01120155(KnowledgeLearnTotal)
针对界面:01120193(cc_CourseExamPaperCRUD,考卷CRUD)
界面:01120193(cc_CourseExamPaperCRUD,考卷CRUD)有输入、输出相关表如下(表数:1):
1、表:01120071(cc_CourseExamPaper)
针对界面:01120196(cc_CourseStudentRelationCRUD,课程学生关系CRUD)
界面:01120196(cc_CourseStudentRelationCRUD,课程学生关系CRUD)有输入、输出相关表如下(表数:1):
1、表:01120032(UserAnswerResult)
错误：生成代码出错,访问(Post)WebApi地址:[http://www.sh-tz.com/AgcWAV3/AutoGeneCodeApi/GeneCode]时出错，请检查！(错误:发生一个或多个错误。).(from AGC4WApi.AutoGeneCodeWApi:GeneCode)生成界面:[cc_CourseStudentRelationCRUD(01120196)]的代码类型:[Vue_界面后台Ex_TS(TS)]时.(System.Windows.Forms.Button:OnClick->System.Windows.Forms.Control:OnClick->AGC.frmViewInfo_GeneCode:btnGeneCheckedViewCode_Click)
针对界面:01120197(cc_CourseTeacherRelationCRUD,课程教师关系CRUD)
界面:01120197(cc_CourseTeacherRelationCRUD,课程教师关系CRUD)有输入、输出相关表如下(表数:1):
1、表:01120097(cc_CourseTeacherRelation)
针对界面:01120205(ResourceCRUD,资源CRUD)
界面:01120205(ResourceCRUD,资源CRUD)有输入、输出相关表如下(表数:1):
1、表:01120320(Resource)
针对界面:01120213(cc_CourseChapterCRUD,课程章节CRUD)
界面:01120213(cc_CourseChapterCRUD,课程章节CRUD)有输入、输出相关表如下(表数:1):
1、表:01120060(cc_CourseChapter)
针对界面:01120214(KnowledgeTypeCRUD,知识点类型CRUD)
界面:01120214(KnowledgeTypeCRUD,知识点类型CRUD)有输入、输出相关表如下(表数:1):
1、表:01120890(KnowledgeType)
针对界面:01120215(KnowledgeMasterLevelCRUD,知识点掌握度CRUD)
界面:01120215(KnowledgeMasterLevelCRUD,知识点掌握度CRUD)有输入、输出相关表如下(表数:1):
1、表:01120891(KnowledgeMasterLevel)
针对界面:01120217(ge_StructureGraphCRUD,结构图谱表CRUD)
界面:01120217(ge_StructureGraphCRUD,结构图谱表CRUD)有输入、输出相关表如下(表数:1):
1、表:01120895(ge_StructureGraph)
针对界面:01120221(ge_StructureSectionCRUD,结构章节CRUD)
界面:01120221(ge_StructureSectionCRUD,结构章节CRUD)有输入、输出相关表如下(表数:1):
1、表:01120896(ge_StructureSection)
针对界面:01120224(ge_StructureSectionTypeCRUD,结构章节类型CRUD)
界面:01120224(ge_StructureSectionTypeCRUD,结构章节类型CRUD)有输入、输出相关表如下(表数:1):
1、表:01120901(ge_StructureSectionType)
针对界面:01120228(tz_ContentAttachmentCRUD,内容附件CRUD)
界面:01120228(tz_ContentAttachmentCRUD,内容附件CRUD)有输入、输出相关表如下(表数:1):
1、表:01120207(tz_ContentAttachment)
针对界面:01120230(ge_ControlAttributeCRUD,属性表CRUD)
界面:01120230(ge_ControlAttributeCRUD,属性表CRUD)有输入、输出相关表如下(表数:1):
1、表:01120914(ge_ControlAttribute)
针对界面:01120248(cc_KnowledgeModulesCRUD,知识点模块维护)
界面:01120248(cc_KnowledgeModulesCRUD,知识点模块维护)有输入、输出相关表如下(表数:1):
1、表:01120959(cc_KnowledgeModules)
针对界面:01120257(StudentInfoZxCRUD,学生CRUD)
界面:01120257(StudentInfoZxCRUD,学生CRUD)有输入、输出相关表如下(表数:1):
1、表:01120131(StudentInfo)
针对界面:01120260(XzSchoolCRUD,XzSchool维护)
界面:01120260(XzSchoolCRUD,XzSchool维护)有输入、输出相关表如下(表数:1):
1、表:01120029(XzSchool)
针对界面:01120261(ge_UserScoreCRUD,ge_UserScore维护)
界面:01120261(ge_UserScoreCRUD,ge_UserScore维护)有输入、输出相关表如下(表数:1):
1、表:01120985(ge_UserScore)
针对界面:01120262(ge_UserScoreCurrWeekCRUD,ge_UserScoreCurrWeek维护)
界面:01120262(ge_UserScoreCurrWeekCRUD,ge_UserScoreCurrWeek维护)有输入、输出相关表如下(表数:1):
1、表:01120989(ge_UserScoreCurrWeek)
针对界面:01120263(CacheUseStateCRUD,CacheUseState维护)
界面:01120263(CacheUseStateCRUD,CacheUseState维护)有输入、输出相关表如下(表数:1):
1、表:01120689(CacheUseState)
共计生成文件数:384(共计：384个界面文件, 0个表文件)(界面数:35, 相关表数:38).
